Analysis & Synthesis report for VCR
Wed Oct 23 23:46:44 2013
Quartus II 64-Bit Version 13.0.0 Build 156 04/24/2013 SJ Web Edition


---------------------
; Table of Contents ;
---------------------
  1. Legal Notice
  2. Analysis & Synthesis Summary
  3. Analysis & Synthesis Settings
  4. Parallel Compilation
  5. Analysis & Synthesis Source Files Read
  6. Analysis & Synthesis Resource Usage Summary
  7. Analysis & Synthesis Resource Utilization by Entity
  8. Registers Removed During Synthesis
  9. General Register Statistics
 10. Inverted Register Statistics
 11. Multiplexer Restructuring Statistics (Restructuring Performed)
 12. Elapsed Time Per Partition
 13. Analysis & Synthesis Messages



----------------
; Legal Notice ;
----------------
Copyright (C) 1991-2013 Altera Corporation
Your use of Altera Corporation's design tools, logic functions 
and other software and tools, and its AMPP partner logic 
functions, and any output files from any of the foregoing 
(including device programming or simulation files), and any 
associated documentation or information are expressly subject 
to the terms and conditions of the Altera Program License 
Subscription Agreement, Altera MegaCore Function License 
Agreement, or other applicable license agreement, including, 
without limitation, that your use is for the sole purpose of 
programming logic devices manufactured by Altera and sold by 
Altera or its authorized distributors.  Please refer to the 
applicable agreement for further details.



+---------------------------------------------------------------------------------+
; Analysis & Synthesis Summary                                                    ;
+------------------------------------+--------------------------------------------+
; Analysis & Synthesis Status        ; Successful - Wed Oct 23 23:46:44 2013      ;
; Quartus II 64-Bit Version          ; 13.0.0 Build 156 04/24/2013 SJ Web Edition ;
; Revision Name                      ; VCR                                        ;
; Top-level Entity Name              ; VCR                                        ;
; Family                             ; Cyclone II                                 ;
; Total logic elements               ; 480                                        ;
;     Total combinational functions  ; 480                                        ;
;     Dedicated logic registers      ; 84                                         ;
; Total registers                    ; 84                                         ;
; Total pins                         ; 67                                         ;
; Total virtual pins                 ; 0                                          ;
; Total memory bits                  ; 0                                          ;
; Embedded Multiplier 9-bit elements ; 0                                          ;
; Total PLLs                         ; 0                                          ;
+------------------------------------+--------------------------------------------+


+----------------------------------------------------------------------------------------------------------------------+
; Analysis & Synthesis Settings                                                                                        ;
+----------------------------------------------------------------------------+--------------------+--------------------+
; Option                                                                     ; Setting            ; Default Value      ;
+----------------------------------------------------------------------------+--------------------+--------------------+
; Device                                                                     ; EP2C35F672C6       ;                    ;
; Top-level entity name                                                      ; VCR                ; VCR                ;
; Family name                                                                ; Cyclone II         ; Cyclone IV GX      ;
; Use smart compilation                                                      ; Off                ; Off                ;
; Enable parallel Assembler and TimeQuest Timing Analyzer during compilation ; On                 ; On                 ;
; Enable compact report table                                                ; Off                ; Off                ;
; Restructure Multiplexers                                                   ; Auto               ; Auto               ;
; Create Debugging Nodes for IP Cores                                        ; Off                ; Off                ;
; Preserve fewer node names                                                  ; On                 ; On                 ;
; Disable OpenCore Plus hardware evaluation                                  ; Off                ; Off                ;
; Verilog Version                                                            ; Verilog_2001       ; Verilog_2001       ;
; VHDL Version                                                               ; VHDL_1993          ; VHDL_1993          ;
; State Machine Processing                                                   ; Auto               ; Auto               ;
; Safe State Machine                                                         ; Off                ; Off                ;
; Extract Verilog State Machines                                             ; On                 ; On                 ;
; Extract VHDL State Machines                                                ; On                 ; On                 ;
; Ignore Verilog initial constructs                                          ; Off                ; Off                ;
; Iteration limit for constant Verilog loops                                 ; 5000               ; 5000               ;
; Iteration limit for non-constant Verilog loops                             ; 250                ; 250                ;
; Add Pass-Through Logic to Inferred RAMs                                    ; On                 ; On                 ;
; Infer RAMs from Raw Logic                                                  ; On                 ; On                 ;
; Parallel Synthesis                                                         ; On                 ; On                 ;
; DSP Block Balancing                                                        ; Auto               ; Auto               ;
; NOT Gate Push-Back                                                         ; On                 ; On                 ;
; Power-Up Don't Care                                                        ; On                 ; On                 ;
; Remove Redundant Logic Cells                                               ; Off                ; Off                ;
; Remove Duplicate Registers                                                 ; On                 ; On                 ;
; Ignore CARRY Buffers                                                       ; Off                ; Off                ;
; Ignore CASCADE Buffers                                                     ; Off                ; Off                ;
; Ignore GLOBAL Buffers                                                      ; Off                ; Off                ;
; Ignore ROW GLOBAL Buffers                                                  ; Off                ; Off                ;
; Ignore LCELL Buffers                                                       ; Off                ; Off                ;
; Ignore SOFT Buffers                                                        ; On                 ; On                 ;
; Limit AHDL Integers to 32 Bits                                             ; Off                ; Off                ;
; Optimization Technique                                                     ; Balanced           ; Balanced           ;
; Carry Chain Length                                                         ; 70                 ; 70                 ;
; Auto Carry Chains                                                          ; On                 ; On                 ;
; Auto Open-Drain Pins                                                       ; On                 ; On                 ;
; Perform WYSIWYG Primitive Resynthesis                                      ; Off                ; Off                ;
; Auto ROM Replacement                                                       ; On                 ; On                 ;
; Auto RAM Replacement                                                       ; On                 ; On                 ;
; Auto Shift Register Replacement                                            ; Auto               ; Auto               ;
; Allow Shift Register Merging across Hierarchies                            ; Auto               ; Auto               ;
; Auto Clock Enable Replacement                                              ; On                 ; On                 ;
; Strict RAM Replacement                                                     ; Off                ; Off                ;
; Allow Synchronous Control Signals                                          ; On                 ; On                 ;
; Force Use of Synchronous Clear Signals                                     ; Off                ; Off                ;
; Auto RAM to Logic Cell Conversion                                          ; Off                ; Off                ;
; Auto Resource Sharing                                                      ; Off                ; Off                ;
; Allow Any RAM Size For Recognition                                         ; Off                ; Off                ;
; Allow Any ROM Size For Recognition                                         ; Off                ; Off                ;
; Allow Any Shift Register Size For Recognition                              ; Off                ; Off                ;
; Use LogicLock Constraints during Resource Balancing                        ; On                 ; On                 ;
; Ignore translate_off and synthesis_off directives                          ; Off                ; Off                ;
; Timing-Driven Synthesis                                                    ; Off                ; Off                ;
; Report Parameter Settings                                                  ; On                 ; On                 ;
; Report Source Assignments                                                  ; On                 ; On                 ;
; Report Connectivity Checks                                                 ; On                 ; On                 ;
; Ignore Maximum Fan-Out Assignments                                         ; Off                ; Off                ;
; Synchronization Register Chain Length                                      ; 2                  ; 2                  ;
; PowerPlay Power Optimization                                               ; Normal compilation ; Normal compilation ;
; HDL message level                                                          ; Level2             ; Level2             ;
; Suppress Register Optimization Related Messages                            ; Off                ; Off                ;
; Number of Removed Registers Reported in Synthesis Report                   ; 5000               ; 5000               ;
; Number of Swept Nodes Reported in Synthesis Report                         ; 5000               ; 5000               ;
; Number of Inverted Registers Reported in Synthesis Report                  ; 100                ; 100                ;
; Clock MUX Protection                                                       ; On                 ; On                 ;
; Auto Gated Clock Conversion                                                ; Off                ; Off                ;
; Block Design Naming                                                        ; Auto               ; Auto               ;
; SDC constraint protection                                                  ; Off                ; Off                ;
; Synthesis Effort                                                           ; Auto               ; Auto               ;
; Shift Register Replacement - Allow Asynchronous Clear Signal               ; On                 ; On                 ;
; Pre-Mapping Resynthesis Optimization                                       ; Off                ; Off                ;
; Analysis & Synthesis Message Level                                         ; Medium             ; Medium             ;
; Disable Register Merging Across Hierarchies                                ; Auto               ; Auto               ;
; Resource Aware Inference For Block RAM                                     ; On                 ; On                 ;
; Synthesis Seed                                                             ; 1                  ; 1                  ;
+----------------------------------------------------------------------------+--------------------+--------------------+


Parallel compilation was disabled, but you have multiple processors available. Enable parallel compilation to reduce compilation time.
+-------------------------------------+
; Parallel Compilation                ;
+----------------------------+--------+
; Processors                 ; Number ;
+----------------------------+--------+
; Number detected on machine ; 8      ;
; Maximum allowed            ; 1      ;
+----------------------------+--------+


+---------------------------------------------------------------------------------------------------------------------------------------------------------------------------+
; Analysis & Synthesis Source Files Read                                                                                                                                    ;
+----------------------------------+-----------------+------------------------------------------+-----------------------------------------------------------------+---------+
; File Name with User-Entered Path ; Used in Netlist ; File Type                                ; File Name with Absolute Path                                    ; Library ;
+----------------------------------+-----------------+------------------------------------------+-----------------------------------------------------------------+---------+
; tapeCounter.vhd                  ; yes             ; User VHDL File                           ; C:/Users/Albert Hynek/Documents/Altera/VCR/tapeCounter.vhd      ;         ;
; loadCounter.vhd                  ; yes             ; User VHDL File                           ; C:/Users/Albert Hynek/Documents/Altera/VCR/loadCounter.vhd      ;         ;
; stateMachine.vhd                 ; yes             ; User VHDL File                           ; C:/Users/Albert Hynek/Documents/Altera/VCR/stateMachine.vhd     ;         ;
; VCR.bdf                          ; yes             ; User Block Diagram/Schematic File        ; C:/Users/Albert Hynek/Documents/Altera/VCR/VCR.bdf              ;         ;
; lcd_display.bdf                  ; yes             ; Auto-Found Block Diagram/Schematic File  ; C:/Users/Albert Hynek/Documents/Altera/VCR/lcd_display.bdf      ;         ;
; lcd_driver.vhd                   ; yes             ; Auto-Found VHDL File                     ; C:/Users/Albert Hynek/Documents/Altera/VCR/lcd_driver.vhd       ;         ;
; lcdcontroller.vhd                ; yes             ; Auto-Found VHDL File                     ; C:/Users/Albert Hynek/Documents/Altera/VCR/lcdcontroller.vhd    ;         ;
; messagerom.vhd                   ; yes             ; Auto-Found VHDL File                     ; C:/Users/Albert Hynek/Documents/Altera/VCR/messagerom.vhd       ;         ;
; hexdisplaydriver.vhd             ; yes             ; Auto-Found VHDL File                     ; C:/Users/Albert Hynek/Documents/Altera/VCR/hexdisplaydriver.vhd ;         ;
+----------------------------------+-----------------+------------------------------------------+-----------------------------------------------------------------+---------+


+-----------------------------------------------------+
; Analysis & Synthesis Resource Usage Summary         ;
+---------------------------------------------+-------+
; Resource                                    ; Usage ;
+---------------------------------------------+-------+
; Estimated Total logic elements              ; 480   ;
;                                             ;       ;
; Total combinational functions               ; 480   ;
; Logic element usage by number of LUT inputs ;       ;
;     -- 4 input functions                    ; 324   ;
;     -- 3 input functions                    ; 71    ;
;     -- <=2 input functions                  ; 85    ;
;                                             ;       ;
; Logic elements by mode                      ;       ;
;     -- normal mode                          ; 435   ;
;     -- arithmetic mode                      ; 45    ;
;                                             ;       ;
; Total registers                             ; 84    ;
;     -- Dedicated logic registers            ; 84    ;
;     -- I/O registers                        ; 0     ;
;                                             ;       ;
; I/O pins                                    ; 67    ;
; Embedded Multiplier 9-bit elements          ; 0     ;
; Maximum fan-out node                        ; Clock ;
; Maximum fan-out                             ; 55    ;
; Total fan-out                               ; 1970  ;
; Average fan-out                             ; 3.12  ;
+---------------------------------------------+-------+


+-----------------------------------------------------------------------------------------------------------------------------------------------------------------------------------------------------+
; Analysis & Synthesis Resource Utilization by Entity                                                                                                                                                 ;
+-----------------------------+-------------------+--------------+-------------+--------------+---------+-----------+------+--------------+--------------------------------------------+--------------+
; Compilation Hierarchy Node  ; LC Combinationals ; LC Registers ; Memory Bits ; DSP Elements ; DSP 9x9 ; DSP 18x18 ; Pins ; Virtual Pins ; Full Hierarchy Name                        ; Library Name ;
+-----------------------------+-------------------+--------------+-------------+--------------+---------+-----------+------+--------------+--------------------------------------------+--------------+
; |VCR                        ; 480 (0)           ; 84 (0)       ; 0           ; 0            ; 0       ; 0         ; 67   ; 0            ; |VCR                                       ;              ;
;    |HexDisplayDriver:inst3| ; 7 (7)             ; 0 (0)        ; 0           ; 0            ; 0       ; 0         ; 0    ; 0            ; |VCR|HexDisplayDriver:inst3                ;              ;
;    |HexDisplayDriver:inst4| ; 9 (9)             ; 0 (0)        ; 0           ; 0            ; 0       ; 0         ; 0    ; 0            ; |VCR|HexDisplayDriver:inst4                ;              ;
;    |HexDisplayDriver:inst5| ; 7 (7)             ; 0 (0)        ; 0           ; 0            ; 0       ; 0         ; 0    ; 0            ; |VCR|HexDisplayDriver:inst5                ;              ;
;    |HexDisplayDriver:inst6| ; 7 (7)             ; 0 (0)        ; 0           ; 0            ; 0       ; 0         ; 0    ; 0            ; |VCR|HexDisplayDriver:inst6                ;              ;
;    |HexDisplayDriver:inst8| ; 8 (8)             ; 0 (0)        ; 0           ; 0            ; 0       ; 0         ; 0    ; 0            ; |VCR|HexDisplayDriver:inst8                ;              ;
;    |HexDisplayDriver:inst9| ; 7 (7)             ; 0 (0)        ; 0           ; 0            ; 0       ; 0         ; 0    ; 0            ; |VCR|HexDisplayDriver:inst9                ;              ;
;    |LCD_Display:inst7|      ; 190 (1)           ; 30 (1)       ; 0           ; 0            ; 0       ; 0         ; 0    ; 0            ; |VCR|LCD_Display:inst7                     ;              ;
;       |LCDController:inst1| ; 32 (32)           ; 8 (8)        ; 0           ; 0            ; 0       ; 0         ; 0    ; 0            ; |VCR|LCD_Display:inst7|LCDController:inst1 ;              ;
;       |LCD_DRIVER:inst|     ; 47 (47)           ; 21 (21)      ; 0           ; 0            ; 0       ; 0         ; 0    ; 0            ; |VCR|LCD_Display:inst7|LCD_DRIVER:inst     ;              ;
;       |MessageRom:inst2|    ; 110 (110)         ; 0 (0)        ; 0           ; 0            ; 0       ; 0         ; 0    ; 0            ; |VCR|LCD_Display:inst7|MessageRom:inst2    ;              ;
;    |State_Machine:inst|     ; 77 (77)           ; 4 (4)        ; 0           ; 0            ; 0       ; 0         ; 0    ; 0            ; |VCR|State_Machine:inst                    ;              ;
;    |Tape_Counter:inst2|     ; 102 (102)         ; 24 (24)      ; 0           ; 0            ; 0       ; 0         ; 0    ; 0            ; |VCR|Tape_Counter:inst2                    ;              ;
;    |Timer:inst1|            ; 66 (66)           ; 26 (26)      ; 0           ; 0            ; 0       ; 0         ; 0    ; 0            ; |VCR|Timer:inst1                           ;              ;
+-----------------------------+-------------------+--------------+-------------+--------------+---------+-----------+------+--------------+--------------------------------------------+--------------+
Note: For table entries with two numbers listed, the numbers in parentheses indicate the number of resources of the given type used by the specific entity alone. The numbers listed outside of parentheses indicate the total resources of the given type used by the specific entity and all of its sub-entities in the hierarchy.


+-------------------------------------------------------------------------------------------------+
; Registers Removed During Synthesis                                                              ;
+--------------------------------------------------------+----------------------------------------+
; Register name                                          ; Reason for Removal                     ;
+--------------------------------------------------------+----------------------------------------+
; LCD_Display:inst7|LCDController:inst1|Current_state[3] ; Stuck at GND due to stuck port data_in ;
; Total Number of Removed Registers = 1                  ;                                        ;
+--------------------------------------------------------+----------------------------------------+


+------------------------------------------------------+
; General Register Statistics                          ;
+----------------------------------------------+-------+
; Statistic                                    ; Value ;
+----------------------------------------------+-------+
; Total registers                              ; 84    ;
; Number of registers using Synchronous Clear  ; 7     ;
; Number of registers using Synchronous Load   ; 8     ;
; Number of registers using Asynchronous Clear ; 17    ;
; Number of registers using Asynchronous Load  ; 0     ;
; Number of registers using Clock Enable       ; 41    ;
; Number of registers using Preset             ; 0     ;
+----------------------------------------------+-------+


+------------------------------------------------------------+
; Inverted Register Statistics                               ;
+--------------------------------------------------+---------+
; Inverted Register                                ; Fan out ;
+--------------------------------------------------+---------+
; LCD_Display:inst7|LCD_DRIVER:inst|timeLCDClk[16] ; 2       ;
; LCD_Display:inst7|LCD_DRIVER:inst|timeLCDClk[3]  ; 2       ;
; LCD_Display:inst7|LCD_DRIVER:inst|timeLCDClk[6]  ; 2       ;
; LCD_Display:inst7|LCD_DRIVER:inst|timeLCDClk[11] ; 2       ;
; LCD_Display:inst7|LCD_DRIVER:inst|timeLCDClk[13] ; 2       ;
; LCD_Display:inst7|LCD_DRIVER:inst|timeLCDClk[14] ; 2       ;
; LCD_Display:inst7|LCD_DRIVER:inst|timeLCDClk[15] ; 2       ;
; Total number of inverted registers = 7           ;         ;
+--------------------------------------------------+---------+


+------------------------------------------------------------------------------------------------------------------------------------------------------------------------+
; Multiplexer Restructuring Statistics (Restructuring Performed)                                                                                                         ;
+--------------------+-----------+---------------+----------------------+------------------------+------------+----------------------------------------------------------+
; Multiplexer Inputs ; Bus Width ; Baseline Area ; Area if Restructured ; Saving if Restructured ; Registered ; Example Multiplexer Output                               ;
+--------------------+-----------+---------------+----------------------+------------------------+------------+----------------------------------------------------------+
; 3:1                ; 5 bits    ; 10 LEs        ; 5 LEs                ; 5 LEs                  ; Yes        ; |VCR|LCD_Display:inst7|LCDController:inst1|Char_Count[4] ;
; 5:1                ; 23 bits   ; 69 LEs        ; 46 LEs               ; 23 LEs                 ; Yes        ; |VCR|Timer:inst1|Count[0]                                ;
; 8:1                ; 3 bits    ; 15 LEs        ; 9 LEs                ; 6 LEs                  ; Yes        ; |VCR|Tape_Counter:inst2|S1[1]                            ;
; 8:1                ; 3 bits    ; 15 LEs        ; 9 LEs                ; 6 LEs                  ; Yes        ; |VCR|Tape_Counter:inst2|S0[2]                            ;
; 10:1               ; 3 bits    ; 18 LEs        ; 9 LEs                ; 9 LEs                  ; Yes        ; |VCR|Tape_Counter:inst2|M1[2]                            ;
; 10:1               ; 3 bits    ; 18 LEs        ; 9 LEs                ; 9 LEs                  ; Yes        ; |VCR|Tape_Counter:inst2|M0[2]                            ;
; 12:1               ; 3 bits    ; 24 LEs        ; 9 LEs                ; 15 LEs                 ; Yes        ; |VCR|Tape_Counter:inst2|H1[2]                            ;
; 12:1               ; 3 bits    ; 24 LEs        ; 9 LEs                ; 15 LEs                 ; Yes        ; |VCR|Tape_Counter:inst2|H0[1]                            ;
; 4:1                ; 4 bits    ; 8 LEs         ; 4 LEs                ; 4 LEs                  ; No         ; |VCR|LCD_Display:inst7|LCDController:inst1|AddressOut[5] ;
; 27:1               ; 2 bits    ; 36 LEs        ; 24 LEs               ; 12 LEs                 ; No         ; |VCR|State_Machine:inst|Next_State[1]                    ;
+--------------------+-----------+---------------+----------------------+------------------------+------------+----------------------------------------------------------+


+-------------------------------+
; Elapsed Time Per Partition    ;
+----------------+--------------+
; Partition Name ; Elapsed Time ;
+----------------+--------------+
; Top            ; 00:00:03     ;
+----------------+--------------+


+-------------------------------+
; Analysis & Synthesis Messages ;
+-------------------------------+
Info: *******************************************************************
Info: Running Quartus II 64-Bit Analysis & Synthesis
    Info: Version 13.0.0 Build 156 04/24/2013 SJ Web Edition
    Info: Processing started: Wed Oct 23 23:46:39 2013
Info: Command: quartus_map --read_settings_files=on --write_settings_files=off VCR -c VCR
Warning (20028): Parallel compilation is not licensed and has been disabled
Info (12021): Found 2 design units, including 1 entities, in source file tapecounter.vhd
    Info (12022): Found design unit 1: Tape_Counter-behavioural
    Info (12023): Found entity 1: Tape_Counter
Info (12021): Found 1 design units, including 1 entities, in source file tapecounter.bdf
    Info (12023): Found entity 1: tapeCounter
Info (12021): Found 2 design units, including 1 entities, in source file loadcounter.vhd
    Info (12022): Found design unit 1: Timer-Behavioural
    Info (12023): Found entity 1: Timer
Info (12021): Found 1 design units, including 1 entities, in source file loadcounter.bdf
    Info (12023): Found entity 1: loadCounter
Info (12021): Found 2 design units, including 1 entities, in source file statemachine.vhd
    Info (12022): Found design unit 1: State_Machine-behavioural
    Info (12023): Found entity 1: State_Machine
Info (12021): Found 1 design units, including 1 entities, in source file vcr.bdf
    Info (12023): Found entity 1: VCR
Info (12127): Elaborating entity "VCR" for the top level hierarchy
Warning (12125): Using design file lcd_display.bdf, which is not specified as a design file for the current project, but contains definitions for 1 design units and 1 entities in project
    Info (12023): Found entity 1: LCD_Display
Info (12128): Elaborating entity "LCD_Display" for hierarchy "LCD_Display:inst7"
Warning (12125): Using design file lcd_driver.vhd, which is not specified as a design file for the current project, but contains definitions for 2 design units and 1 entities in project
    Info (12022): Found design unit 1: LCD_DRIVER-behaviour
    Info (12023): Found entity 1: LCD_DRIVER
Info (12128): Elaborating entity "LCD_DRIVER" for hierarchy "LCD_Display:inst7|LCD_DRIVER:inst"
Warning (12125): Using design file lcdcontroller.vhd, which is not specified as a design file for the current project, but contains definitions for 2 design units and 1 entities in project
    Info (12022): Found design unit 1: LCDController-MealyModel
    Info (12023): Found entity 1: LCDController
Info (12128): Elaborating entity "LCDController" for hierarchy "LCD_Display:inst7|LCDController:inst1"
Warning (12125): Using design file messagerom.vhd, which is not specified as a design file for the current project, but contains definitions for 2 design units and 1 entities in project
    Info (12022): Found design unit 1: MessageRom-bhvr
    Info (12023): Found entity 1: MessageRom
Info (12128): Elaborating entity "MessageRom" for hierarchy "LCD_Display:inst7|MessageRom:inst2"
Info (12128): Elaborating entity "State_Machine" for hierarchy "State_Machine:inst"
Warning (10492): VHDL Process Statement warning at stateMachine.vhd(50): signal "Next_State" is read inside the Process Statement but isn't in the Process Statement's sensitivity list
Info (12128): Elaborating entity "Timer" for hierarchy "Timer:inst1"
Warning (12125): Using design file hexdisplaydriver.vhd, which is not specified as a design file for the current project, but contains definitions for 2 design units and 1 entities in project
    Info (12022): Found design unit 1: HexDisplayDriver-Behavioural
    Info (12023): Found entity 1: HexDisplayDriver
Info (12128): Elaborating entity "HexDisplayDriver" for hierarchy "HexDisplayDriver:inst4"
Info (12128): Elaborating entity "Tape_Counter" for hierarchy "Tape_Counter:inst2"
Warning (13024): Output pins are stuck at VCC or GND
    Warning (13410): Pin "LCD_ON_DE2" is stuck at VCC
    Warning (13410): Pin "LCD_BLON_DE2" is stuck at VCC
Critical Warning (18061): Ignored Power-Up Level option on the following registers
    Critical Warning (18010): Register LCD_Display:inst7|LCD_DRIVER:inst|timeLCDClk[3] will power up to High
    Critical Warning (18010): Register LCD_Display:inst7|LCD_DRIVER:inst|timeLCDClk[6] will power up to High
    Critical Warning (18010): Register LCD_Display:inst7|LCD_DRIVER:inst|timeLCDClk[11] will power up to High
    Critical Warning (18010): Register LCD_Display:inst7|LCD_DRIVER:inst|timeLCDClk[13] will power up to High
    Critical Warning (18010): Register LCD_Display:inst7|LCD_DRIVER:inst|timeLCDClk[14] will power up to High
    Critical Warning (18010): Register LCD_Display:inst7|LCD_DRIVER:inst|timeLCDClk[15] will power up to High
    Critical Warning (18010): Register LCD_Display:inst7|LCD_DRIVER:inst|timeLCDClk[16] will power up to High
Info (16010): Generating hard_block partition "hard_block:auto_generated_inst"
    Info (16011): Adding 0 node(s), including 0 DDIO, 0 PLL, 0 transceiver and 0 LCELL
Info (21057): Implemented 549 device resources after synthesis - the final resource count might be different
    Info (21058): Implemented 12 input pins
    Info (21059): Implemented 55 output pins
    Info (21061): Implemented 482 logic cells
Info: Quartus II 64-Bit Analysis & Synthesis was successful. 0 errors, 18 warnings
    Info: Peak virtual memory: 498 megabytes
    Info: Processing ended: Wed Oct 23 23:46:44 2013
    Info: Elapsed time: 00:00:05
    Info: Total CPU time (on all processors): 00:00:05


