Simulator report for ArithmeticUnit
Thu Oct 10 00:19:45 2013
Quartus II 64-Bit Version 13.0.0 Build 156 04/24/2013 SJ Web Edition


---------------------
; Table of Contents ;
---------------------
  1. Legal Notice
  2. Simulator Summary
  3. Simulator Settings
  4. Simulation Waveforms
  5. Coverage Summary
  6. Complete 1/0-Value Coverage
  7. Missing 1-Value Coverage
  8. Missing 0-Value Coverage
  9. Simulator INI Usage
 10. Simulator Messages



----------------
; Legal Notice ;
----------------
Copyright (C) 1991-2013 Altera Corporation
Your use of Altera Corporation's design tools, logic functions 
and other software and tools, and its AMPP partner logic 
functions, and any output files from any of the foregoing 
(including device programming or simulation files), and any 
associated documentation or information are expressly subject 
to the terms and conditions of the Altera Program License 
Subscription Agreement, Altera MegaCore Function License 
Agreement, or other applicable license agreement, including, 
without limitation, that your use is for the sole purpose of 
programming logic devices manufactured by Altera and sold by 
Altera or its authorized distributors.  Please refer to the 
applicable agreement for further details.



+--------------------------------------------+
; Simulator Summary                          ;
+-----------------------------+--------------+
; Type                        ; Value        ;
+-----------------------------+--------------+
; Simulation Start Time       ; 0 ps         ;
; Simulation End Time         ; 450.0 ns     ;
; Simulation Netlist Size     ; 177 nodes    ;
; Simulation Coverage         ;      89.27 % ;
; Total Number of Transitions ; 2467         ;
; Simulation Breakpoints      ; 0            ;
; Family                      ; Cyclone II   ;
+-----------------------------+--------------+


+------------------------------------------------------------------------------------------------------------------------------------------------------------------------------------------------------+
; Simulator Settings                                                                                                                                                                                   ;
+--------------------------------------------------------------------------------------------+-----------------------------------------------------------------------------------------+---------------+
; Option                                                                                     ; Setting                                                                                 ; Default Value ;
+--------------------------------------------------------------------------------------------+-----------------------------------------------------------------------------------------+---------------+
; Simulation mode                                                                            ; Functional                                                                              ; Timing        ;
; Start time                                                                                 ; 0 ns                                                                                    ; 0 ns          ;
; Simulation results format                                                                  ; VWF                                                                                     ;               ;
; Vector input source                                                                        ; C:/Users/Albert Hynek/Documents/Altera/ArithmeticUnit/DoubleDigitBCDAdderSubtractor.vwf ;               ;
; Add pins automatically to simulation output waveforms                                      ; On                                                                                      ; On            ;
; Check outputs                                                                              ; Off                                                                                     ; Off           ;
; Report simulation coverage                                                                 ; On                                                                                      ; On            ;
; Display complete 1/0 value coverage report                                                 ; On                                                                                      ; On            ;
; Display missing 1-value coverage report                                                    ; On                                                                                      ; On            ;
; Display missing 0-value coverage report                                                    ; On                                                                                      ; On            ;
; Detect setup and hold time violations                                                      ; Off                                                                                     ; Off           ;
; Detect glitches                                                                            ; Off                                                                                     ; Off           ;
; Disable timing delays in Timing Simulation                                                 ; Off                                                                                     ; Off           ;
; Generate Signal Activity File                                                              ; Off                                                                                     ; Off           ;
; Generate VCD File for PowerPlay Power Analyzer                                             ; Off                                                                                     ; Off           ;
; Group bus channels in simulation results                                                   ; Off                                                                                     ; Off           ;
; Preserve fewer signal transitions to reduce memory requirements                            ; On                                                                                      ; On            ;
; Trigger vector comparison with the specified mode                                          ; INPUT_EDGE                                                                              ; INPUT_EDGE    ;
; Disable setup and hold time violations detection in input registers of bi-directional pins ; Off                                                                                     ; Off           ;
; Overwrite Waveform Inputs With Simulation Outputs                                          ; Off                                                                                     ;               ;
; Perform Glitch Filtering in Timing Simulation                                              ; Auto                                                                                    ; Auto          ;
+--------------------------------------------------------------------------------------------+-----------------------------------------------------------------------------------------+---------------+


+----------------------+
; Simulation Waveforms ;
+----------------------+
Waveform report data cannot be output to ASCII.
Please use Quartus II 64-Bit to view the waveform report data.


+--------------------------------------------------------------------+
; Coverage Summary                                                   ;
+-----------------------------------------------------+--------------+
; Type                                                ; Value        ;
+-----------------------------------------------------+--------------+
; Total coverage as a percentage                      ;      89.27 % ;
; Total nodes checked                                 ; 177          ;
; Total output ports checked                          ; 177          ;
; Total output ports with complete 1/0-value coverage ; 158          ;
; Total output ports with no 1/0-value coverage       ; 19           ;
; Total output ports with no 1-value coverage         ; 19           ;
; Total output ports with no 0-value coverage         ; 19           ;
+-----------------------------------------------------+--------------+


The following table displays output ports that toggle between 1 and 0 during simulation.
+----------------------------------------------------------------------------------------------------------------------------------------------------------------------------------------------------------------+
; Complete 1/0-Value Coverage                                                                                                                                                                                    ;
+----------------------------------------------------------------------------------------------+----------------------------------------------------------------------------------------------+------------------+
; Node Name                                                                                    ; Output Port Name                                                                             ; Output Port Type ;
+----------------------------------------------------------------------------------------------+----------------------------------------------------------------------------------------------+------------------+
; |DoubleDigitBCDAdderSubtractort|Sum[7]                                                       ; |DoubleDigitBCDAdderSubtractort|Sum[7]                                                       ; pin_out          ;
; |DoubleDigitBCDAdderSubtractort|Sum[6]                                                       ; |DoubleDigitBCDAdderSubtractort|Sum[6]                                                       ; pin_out          ;
; |DoubleDigitBCDAdderSubtractort|Sum[5]                                                       ; |DoubleDigitBCDAdderSubtractort|Sum[5]                                                       ; pin_out          ;
; |DoubleDigitBCDAdderSubtractort|Sum[4]                                                       ; |DoubleDigitBCDAdderSubtractort|Sum[4]                                                       ; pin_out          ;
; |DoubleDigitBCDAdderSubtractort|Sum[3]                                                       ; |DoubleDigitBCDAdderSubtractort|Sum[3]                                                       ; pin_out          ;
; |DoubleDigitBCDAdderSubtractort|Sum[2]                                                       ; |DoubleDigitBCDAdderSubtractort|Sum[2]                                                       ; pin_out          ;
; |DoubleDigitBCDAdderSubtractort|Sum[1]                                                       ; |DoubleDigitBCDAdderSubtractort|Sum[1]                                                       ; pin_out          ;
; |DoubleDigitBCDAdderSubtractort|Sum[0]                                                       ; |DoubleDigitBCDAdderSubtractort|Sum[0]                                                       ; pin_out          ;
; |DoubleDigitBCDAdderSubtractort|Mode                                                         ; |DoubleDigitBCDAdderSubtractort|Mode                                                         ; out              ;
; |DoubleDigitBCDAdderSubtractort|A[7]                                                         ; |DoubleDigitBCDAdderSubtractort|A[7]                                                         ; out              ;
; |DoubleDigitBCDAdderSubtractort|A[6]                                                         ; |DoubleDigitBCDAdderSubtractort|A[6]                                                         ; out              ;
; |DoubleDigitBCDAdderSubtractort|A[5]                                                         ; |DoubleDigitBCDAdderSubtractort|A[5]                                                         ; out              ;
; |DoubleDigitBCDAdderSubtractort|A[4]                                                         ; |DoubleDigitBCDAdderSubtractort|A[4]                                                         ; out              ;
; |DoubleDigitBCDAdderSubtractort|A[3]                                                         ; |DoubleDigitBCDAdderSubtractort|A[3]                                                         ; out              ;
; |DoubleDigitBCDAdderSubtractort|A[2]                                                         ; |DoubleDigitBCDAdderSubtractort|A[2]                                                         ; out              ;
; |DoubleDigitBCDAdderSubtractort|A[1]                                                         ; |DoubleDigitBCDAdderSubtractort|A[1]                                                         ; out              ;
; |DoubleDigitBCDAdderSubtractort|A[0]                                                         ; |DoubleDigitBCDAdderSubtractort|A[0]                                                         ; out              ;
; |DoubleDigitBCDAdderSubtractort|B[7]                                                         ; |DoubleDigitBCDAdderSubtractort|B[7]                                                         ; out              ;
; |DoubleDigitBCDAdderSubtractort|B[6]                                                         ; |DoubleDigitBCDAdderSubtractort|B[6]                                                         ; out              ;
; |DoubleDigitBCDAdderSubtractort|B[5]                                                         ; |DoubleDigitBCDAdderSubtractort|B[5]                                                         ; out              ;
; |DoubleDigitBCDAdderSubtractort|B[4]                                                         ; |DoubleDigitBCDAdderSubtractort|B[4]                                                         ; out              ;
; |DoubleDigitBCDAdderSubtractort|B[3]                                                         ; |DoubleDigitBCDAdderSubtractort|B[3]                                                         ; out              ;
; |DoubleDigitBCDAdderSubtractort|B[2]                                                         ; |DoubleDigitBCDAdderSubtractort|B[2]                                                         ; out              ;
; |DoubleDigitBCDAdderSubtractort|B[1]                                                         ; |DoubleDigitBCDAdderSubtractort|B[1]                                                         ; out              ;
; |DoubleDigitBCDAdderSubtractort|B[0]                                                         ; |DoubleDigitBCDAdderSubtractort|B[0]                                                         ; out              ;
; |DoubleDigitBCDAdderSubtractort|NineComplement:inst2|X~1                                     ; |DoubleDigitBCDAdderSubtractort|NineComplement:inst2|X~1                                     ; out              ;
; |DoubleDigitBCDAdderSubtractort|NineComplement:inst2|X~3                                     ; |DoubleDigitBCDAdderSubtractort|NineComplement:inst2|X~3                                     ; out              ;
; |DoubleDigitBCDAdderSubtractort|NineComplement:inst2|X~5                                     ; |DoubleDigitBCDAdderSubtractort|NineComplement:inst2|X~5                                     ; out              ;
; |DoubleDigitBCDAdderSubtractort|NineComplement:inst2|X~6                                     ; |DoubleDigitBCDAdderSubtractort|NineComplement:inst2|X~6                                     ; out              ;
; |DoubleDigitBCDAdderSubtractort|NineComplement:inst2|X~8                                     ; |DoubleDigitBCDAdderSubtractort|NineComplement:inst2|X~8                                     ; out              ;
; |DoubleDigitBCDAdderSubtractort|NineComplement:inst2|X~9                                     ; |DoubleDigitBCDAdderSubtractort|NineComplement:inst2|X~9                                     ; out              ;
; |DoubleDigitBCDAdderSubtractort|NineComplement:inst2|X~11                                    ; |DoubleDigitBCDAdderSubtractort|NineComplement:inst2|X~11                                    ; out              ;
; |DoubleDigitBCDAdderSubtractort|NineComplement:inst2|X~12                                    ; |DoubleDigitBCDAdderSubtractort|NineComplement:inst2|X~12                                    ; out              ;
; |DoubleDigitBCDAdderSubtractort|NineComplement:inst2|X~13                                    ; |DoubleDigitBCDAdderSubtractort|NineComplement:inst2|X~13                                    ; out              ;
; |DoubleDigitBCDAdderSubtractort|NineComplement:inst2|X~14                                    ; |DoubleDigitBCDAdderSubtractort|NineComplement:inst2|X~14                                    ; out              ;
; |DoubleDigitBCDAdderSubtractort|NineComplement:inst2|X~15                                    ; |DoubleDigitBCDAdderSubtractort|NineComplement:inst2|X~15                                    ; out              ;
; |DoubleDigitBCDAdderSubtractort|NineComplement:inst2|X~16                                    ; |DoubleDigitBCDAdderSubtractort|NineComplement:inst2|X~16                                    ; out              ;
; |DoubleDigitBCDAdderSubtractort|NineComplement:inst2|X[3]                                    ; |DoubleDigitBCDAdderSubtractort|NineComplement:inst2|X[3]                                    ; out              ;
; |DoubleDigitBCDAdderSubtractort|NineComplement:inst2|X[2]                                    ; |DoubleDigitBCDAdderSubtractort|NineComplement:inst2|X[2]                                    ; out              ;
; |DoubleDigitBCDAdderSubtractort|NineComplement:inst2|X[1]                                    ; |DoubleDigitBCDAdderSubtractort|NineComplement:inst2|X[1]                                    ; out              ;
; |DoubleDigitBCDAdderSubtractort|NineComplement:inst2|X[0]                                    ; |DoubleDigitBCDAdderSubtractort|NineComplement:inst2|X[0]                                    ; out              ;
; |DoubleDigitBCDAdderSubtractort|Mux1from2:inst|Output[3]                                     ; |DoubleDigitBCDAdderSubtractort|Mux1from2:inst|Output[3]                                     ; out              ;
; |DoubleDigitBCDAdderSubtractort|Mux1from2:inst|Output[2]                                     ; |DoubleDigitBCDAdderSubtractort|Mux1from2:inst|Output[2]                                     ; out              ;
; |DoubleDigitBCDAdderSubtractort|Mux1from2:inst|Output[1]                                     ; |DoubleDigitBCDAdderSubtractort|Mux1from2:inst|Output[1]                                     ; out              ;
; |DoubleDigitBCDAdderSubtractort|Mux1from2:inst|Output[0]                                     ; |DoubleDigitBCDAdderSubtractort|Mux1from2:inst|Output[0]                                     ; out              ;
; |DoubleDigitBCDAdderSubtractort|NineComplement:inst4|X~0                                     ; |DoubleDigitBCDAdderSubtractort|NineComplement:inst4|X~0                                     ; out              ;
; |DoubleDigitBCDAdderSubtractort|NineComplement:inst4|X~1                                     ; |DoubleDigitBCDAdderSubtractort|NineComplement:inst4|X~1                                     ; out              ;
; |DoubleDigitBCDAdderSubtractort|NineComplement:inst4|X~2                                     ; |DoubleDigitBCDAdderSubtractort|NineComplement:inst4|X~2                                     ; out              ;
; |DoubleDigitBCDAdderSubtractort|NineComplement:inst4|X~3                                     ; |DoubleDigitBCDAdderSubtractort|NineComplement:inst4|X~3                                     ; out              ;
; |DoubleDigitBCDAdderSubtractort|NineComplement:inst4|X~4                                     ; |DoubleDigitBCDAdderSubtractort|NineComplement:inst4|X~4                                     ; out              ;
; |DoubleDigitBCDAdderSubtractort|NineComplement:inst4|X~5                                     ; |DoubleDigitBCDAdderSubtractort|NineComplement:inst4|X~5                                     ; out              ;
; |DoubleDigitBCDAdderSubtractort|NineComplement:inst4|X~6                                     ; |DoubleDigitBCDAdderSubtractort|NineComplement:inst4|X~6                                     ; out              ;
; |DoubleDigitBCDAdderSubtractort|NineComplement:inst4|X~7                                     ; |DoubleDigitBCDAdderSubtractort|NineComplement:inst4|X~7                                     ; out              ;
; |DoubleDigitBCDAdderSubtractort|NineComplement:inst4|X~8                                     ; |DoubleDigitBCDAdderSubtractort|NineComplement:inst4|X~8                                     ; out              ;
; |DoubleDigitBCDAdderSubtractort|NineComplement:inst4|X~9                                     ; |DoubleDigitBCDAdderSubtractort|NineComplement:inst4|X~9                                     ; out              ;
; |DoubleDigitBCDAdderSubtractort|NineComplement:inst4|X~10                                    ; |DoubleDigitBCDAdderSubtractort|NineComplement:inst4|X~10                                    ; out              ;
; |DoubleDigitBCDAdderSubtractort|NineComplement:inst4|X~11                                    ; |DoubleDigitBCDAdderSubtractort|NineComplement:inst4|X~11                                    ; out              ;
; |DoubleDigitBCDAdderSubtractort|NineComplement:inst4|X~12                                    ; |DoubleDigitBCDAdderSubtractort|NineComplement:inst4|X~12                                    ; out              ;
; |DoubleDigitBCDAdderSubtractort|NineComplement:inst4|X~13                                    ; |DoubleDigitBCDAdderSubtractort|NineComplement:inst4|X~13                                    ; out              ;
; |DoubleDigitBCDAdderSubtractort|NineComplement:inst4|X~14                                    ; |DoubleDigitBCDAdderSubtractort|NineComplement:inst4|X~14                                    ; out              ;
; |DoubleDigitBCDAdderSubtractort|NineComplement:inst4|X~15                                    ; |DoubleDigitBCDAdderSubtractort|NineComplement:inst4|X~15                                    ; out              ;
; |DoubleDigitBCDAdderSubtractort|NineComplement:inst4|X~16                                    ; |DoubleDigitBCDAdderSubtractort|NineComplement:inst4|X~16                                    ; out              ;
; |DoubleDigitBCDAdderSubtractort|NineComplement:inst4|X[3]                                    ; |DoubleDigitBCDAdderSubtractort|NineComplement:inst4|X[3]                                    ; out              ;
; |DoubleDigitBCDAdderSubtractort|NineComplement:inst4|X[2]                                    ; |DoubleDigitBCDAdderSubtractort|NineComplement:inst4|X[2]                                    ; out              ;
; |DoubleDigitBCDAdderSubtractort|NineComplement:inst4|X[1]                                    ; |DoubleDigitBCDAdderSubtractort|NineComplement:inst4|X[1]                                    ; out              ;
; |DoubleDigitBCDAdderSubtractort|NineComplement:inst4|X[0]                                    ; |DoubleDigitBCDAdderSubtractort|NineComplement:inst4|X[0]                                    ; out              ;
; |DoubleDigitBCDAdderSubtractort|Mux1from2:inst1|Output[3]                                    ; |DoubleDigitBCDAdderSubtractort|Mux1from2:inst1|Output[3]                                    ; out              ;
; |DoubleDigitBCDAdderSubtractort|Mux1from2:inst1|Output[2]                                    ; |DoubleDigitBCDAdderSubtractort|Mux1from2:inst1|Output[2]                                    ; out              ;
; |DoubleDigitBCDAdderSubtractort|Mux1from2:inst1|Output[1]                                    ; |DoubleDigitBCDAdderSubtractort|Mux1from2:inst1|Output[1]                                    ; out              ;
; |DoubleDigitBCDAdderSubtractort|Mux1from2:inst1|Output[0]                                    ; |DoubleDigitBCDAdderSubtractort|Mux1from2:inst1|Output[0]                                    ; out              ;
; |DoubleDigitBCDAdderSubtractort|SingleDigitBCDAdder:inst5|inst2                              ; |DoubleDigitBCDAdderSubtractort|SingleDigitBCDAdder:inst5|inst2                              ; out0             ;
; |DoubleDigitBCDAdderSubtractort|SingleDigitBCDAdder:inst5|inst4                              ; |DoubleDigitBCDAdderSubtractort|SingleDigitBCDAdder:inst5|inst4                              ; out0             ;
; |DoubleDigitBCDAdderSubtractort|SingleDigitBCDAdder:inst5|inst3                              ; |DoubleDigitBCDAdderSubtractort|SingleDigitBCDAdder:inst5|inst3                              ; out0             ;
; |DoubleDigitBCDAdderSubtractort|SingleDigitBCDAdder:inst5|fourbitadder:inst1|inst18          ; |DoubleDigitBCDAdderSubtractort|SingleDigitBCDAdder:inst5|fourbitadder:inst1|inst18          ; out0             ;
; |DoubleDigitBCDAdderSubtractort|SingleDigitBCDAdder:inst5|fourbitadder:inst1|inst12          ; |DoubleDigitBCDAdderSubtractort|SingleDigitBCDAdder:inst5|fourbitadder:inst1|inst12          ; out0             ;
; |DoubleDigitBCDAdderSubtractort|SingleDigitBCDAdder:inst5|fourbitadder:inst1|inst17          ; |DoubleDigitBCDAdderSubtractort|SingleDigitBCDAdder:inst5|fourbitadder:inst1|inst17          ; out0             ;
; |DoubleDigitBCDAdderSubtractort|SingleDigitBCDAdder:inst5|fourbitadder:inst1|inst22          ; |DoubleDigitBCDAdderSubtractort|SingleDigitBCDAdder:inst5|fourbitadder:inst1|inst22          ; out0             ;
; |DoubleDigitBCDAdderSubtractort|SingleDigitBCDAdder:inst5|fourbitadder:inst1|inst19          ; |DoubleDigitBCDAdderSubtractort|SingleDigitBCDAdder:inst5|fourbitadder:inst1|inst19          ; out0             ;
; |DoubleDigitBCDAdderSubtractort|SingleDigitBCDAdder:inst5|fourbitadder:inst1|Sum:inst7|inst1 ; |DoubleDigitBCDAdderSubtractort|SingleDigitBCDAdder:inst5|fourbitadder:inst1|Sum:inst7|inst1 ; out0             ;
; |DoubleDigitBCDAdderSubtractort|SingleDigitBCDAdder:inst5|fourbitadder:inst1|Sum:inst6|inst1 ; |DoubleDigitBCDAdderSubtractort|SingleDigitBCDAdder:inst5|fourbitadder:inst1|Sum:inst6|inst1 ; out0             ;
; |DoubleDigitBCDAdderSubtractort|SingleDigitBCDAdder:inst5|fourbitadder:inst1|Sum:inst6|inst  ; |DoubleDigitBCDAdderSubtractort|SingleDigitBCDAdder:inst5|fourbitadder:inst1|Sum:inst6|inst  ; out0             ;
; |DoubleDigitBCDAdderSubtractort|SingleDigitBCDAdder:inst5|fourbitadder:inst1|Sum:inst5|inst  ; |DoubleDigitBCDAdderSubtractort|SingleDigitBCDAdder:inst5|fourbitadder:inst1|Sum:inst5|inst  ; out0             ;
; |DoubleDigitBCDAdderSubtractort|SingleDigitBCDAdder:inst5|fourbitadder:inst|inst28           ; |DoubleDigitBCDAdderSubtractort|SingleDigitBCDAdder:inst5|fourbitadder:inst|inst28           ; out0             ;
; |DoubleDigitBCDAdderSubtractort|SingleDigitBCDAdder:inst5|fourbitadder:inst|inst29           ; |DoubleDigitBCDAdderSubtractort|SingleDigitBCDAdder:inst5|fourbitadder:inst|inst29           ; out0             ;
; |DoubleDigitBCDAdderSubtractort|SingleDigitBCDAdder:inst5|fourbitadder:inst|inst9            ; |DoubleDigitBCDAdderSubtractort|SingleDigitBCDAdder:inst5|fourbitadder:inst|inst9            ; out0             ;
; |DoubleDigitBCDAdderSubtractort|SingleDigitBCDAdder:inst5|fourbitadder:inst|inst13           ; |DoubleDigitBCDAdderSubtractort|SingleDigitBCDAdder:inst5|fourbitadder:inst|inst13           ; out0             ;
; |DoubleDigitBCDAdderSubtractort|SingleDigitBCDAdder:inst5|fourbitadder:inst|inst18           ; |DoubleDigitBCDAdderSubtractort|SingleDigitBCDAdder:inst5|fourbitadder:inst|inst18           ; out0             ;
; |DoubleDigitBCDAdderSubtractort|SingleDigitBCDAdder:inst5|fourbitadder:inst|inst24           ; |DoubleDigitBCDAdderSubtractort|SingleDigitBCDAdder:inst5|fourbitadder:inst|inst24           ; out0             ;
; |DoubleDigitBCDAdderSubtractort|SingleDigitBCDAdder:inst5|fourbitadder:inst|inst8            ; |DoubleDigitBCDAdderSubtractort|SingleDigitBCDAdder:inst5|fourbitadder:inst|inst8            ; out0             ;
; |DoubleDigitBCDAdderSubtractort|SingleDigitBCDAdder:inst5|fourbitadder:inst|inst12           ; |DoubleDigitBCDAdderSubtractort|SingleDigitBCDAdder:inst5|fourbitadder:inst|inst12           ; out0             ;
; |DoubleDigitBCDAdderSubtractort|SingleDigitBCDAdder:inst5|fourbitadder:inst|inst17           ; |DoubleDigitBCDAdderSubtractort|SingleDigitBCDAdder:inst5|fourbitadder:inst|inst17           ; out0             ;
; |DoubleDigitBCDAdderSubtractort|SingleDigitBCDAdder:inst5|fourbitadder:inst|inst23           ; |DoubleDigitBCDAdderSubtractort|SingleDigitBCDAdder:inst5|fourbitadder:inst|inst23           ; out0             ;
; |DoubleDigitBCDAdderSubtractort|SingleDigitBCDAdder:inst5|fourbitadder:inst|inst11           ; |DoubleDigitBCDAdderSubtractort|SingleDigitBCDAdder:inst5|fourbitadder:inst|inst11           ; out0             ;
; |DoubleDigitBCDAdderSubtractort|SingleDigitBCDAdder:inst5|fourbitadder:inst|inst10           ; |DoubleDigitBCDAdderSubtractort|SingleDigitBCDAdder:inst5|fourbitadder:inst|inst10           ; out0             ;
; |DoubleDigitBCDAdderSubtractort|SingleDigitBCDAdder:inst5|fourbitadder:inst|inst16           ; |DoubleDigitBCDAdderSubtractort|SingleDigitBCDAdder:inst5|fourbitadder:inst|inst16           ; out0             ;
; |DoubleDigitBCDAdderSubtractort|SingleDigitBCDAdder:inst5|fourbitadder:inst|inst14           ; |DoubleDigitBCDAdderSubtractort|SingleDigitBCDAdder:inst5|fourbitadder:inst|inst14           ; out0             ;
; |DoubleDigitBCDAdderSubtractort|SingleDigitBCDAdder:inst5|fourbitadder:inst|inst15           ; |DoubleDigitBCDAdderSubtractort|SingleDigitBCDAdder:inst5|fourbitadder:inst|inst15           ; out0             ;
; |DoubleDigitBCDAdderSubtractort|SingleDigitBCDAdder:inst5|fourbitadder:inst|inst22           ; |DoubleDigitBCDAdderSubtractort|SingleDigitBCDAdder:inst5|fourbitadder:inst|inst22           ; out0             ;
; |DoubleDigitBCDAdderSubtractort|SingleDigitBCDAdder:inst5|fourbitadder:inst|inst21           ; |DoubleDigitBCDAdderSubtractort|SingleDigitBCDAdder:inst5|fourbitadder:inst|inst21           ; out0             ;
; |DoubleDigitBCDAdderSubtractort|SingleDigitBCDAdder:inst5|fourbitadder:inst|inst19           ; |DoubleDigitBCDAdderSubtractort|SingleDigitBCDAdder:inst5|fourbitadder:inst|inst19           ; out0             ;
; |DoubleDigitBCDAdderSubtractort|SingleDigitBCDAdder:inst5|fourbitadder:inst|inst20           ; |DoubleDigitBCDAdderSubtractort|SingleDigitBCDAdder:inst5|fourbitadder:inst|inst20           ; out0             ;
; |DoubleDigitBCDAdderSubtractort|SingleDigitBCDAdder:inst5|fourbitadder:inst|Sum:inst7|inst1  ; |DoubleDigitBCDAdderSubtractort|SingleDigitBCDAdder:inst5|fourbitadder:inst|Sum:inst7|inst1  ; out0             ;
; |DoubleDigitBCDAdderSubtractort|SingleDigitBCDAdder:inst5|fourbitadder:inst|Sum:inst7|inst   ; |DoubleDigitBCDAdderSubtractort|SingleDigitBCDAdder:inst5|fourbitadder:inst|Sum:inst7|inst   ; out0             ;
; |DoubleDigitBCDAdderSubtractort|SingleDigitBCDAdder:inst5|fourbitadder:inst|Sum:inst6|inst1  ; |DoubleDigitBCDAdderSubtractort|SingleDigitBCDAdder:inst5|fourbitadder:inst|Sum:inst6|inst1  ; out0             ;
; |DoubleDigitBCDAdderSubtractort|SingleDigitBCDAdder:inst5|fourbitadder:inst|Sum:inst6|inst   ; |DoubleDigitBCDAdderSubtractort|SingleDigitBCDAdder:inst5|fourbitadder:inst|Sum:inst6|inst   ; out0             ;
; |DoubleDigitBCDAdderSubtractort|SingleDigitBCDAdder:inst5|fourbitadder:inst|Sum:inst5|inst1  ; |DoubleDigitBCDAdderSubtractort|SingleDigitBCDAdder:inst5|fourbitadder:inst|Sum:inst5|inst1  ; out0             ;
; |DoubleDigitBCDAdderSubtractort|SingleDigitBCDAdder:inst5|fourbitadder:inst|Sum:inst5|inst   ; |DoubleDigitBCDAdderSubtractort|SingleDigitBCDAdder:inst5|fourbitadder:inst|Sum:inst5|inst   ; out0             ;
; |DoubleDigitBCDAdderSubtractort|SingleDigitBCDAdder:inst5|fourbitadder:inst|Sum:inst|inst1   ; |DoubleDigitBCDAdderSubtractort|SingleDigitBCDAdder:inst5|fourbitadder:inst|Sum:inst|inst1   ; out0             ;
; |DoubleDigitBCDAdderSubtractort|SingleDigitBCDAdder:inst5|fourbitadder:inst|Sum:inst|inst    ; |DoubleDigitBCDAdderSubtractort|SingleDigitBCDAdder:inst5|fourbitadder:inst|Sum:inst|inst    ; out0             ;
; |DoubleDigitBCDAdderSubtractort|SingleDigitBCDAdder:inst3|inst2                              ; |DoubleDigitBCDAdderSubtractort|SingleDigitBCDAdder:inst3|inst2                              ; out0             ;
; |DoubleDigitBCDAdderSubtractort|SingleDigitBCDAdder:inst3|inst4                              ; |DoubleDigitBCDAdderSubtractort|SingleDigitBCDAdder:inst3|inst4                              ; out0             ;
; |DoubleDigitBCDAdderSubtractort|SingleDigitBCDAdder:inst3|inst3                              ; |DoubleDigitBCDAdderSubtractort|SingleDigitBCDAdder:inst3|inst3                              ; out0             ;
; |DoubleDigitBCDAdderSubtractort|SingleDigitBCDAdder:inst3|fourbitadder:inst1|inst18          ; |DoubleDigitBCDAdderSubtractort|SingleDigitBCDAdder:inst3|fourbitadder:inst1|inst18          ; out0             ;
; |DoubleDigitBCDAdderSubtractort|SingleDigitBCDAdder:inst3|fourbitadder:inst1|inst12          ; |DoubleDigitBCDAdderSubtractort|SingleDigitBCDAdder:inst3|fourbitadder:inst1|inst12          ; out0             ;
; |DoubleDigitBCDAdderSubtractort|SingleDigitBCDAdder:inst3|fourbitadder:inst1|inst17          ; |DoubleDigitBCDAdderSubtractort|SingleDigitBCDAdder:inst3|fourbitadder:inst1|inst17          ; out0             ;
; |DoubleDigitBCDAdderSubtractort|SingleDigitBCDAdder:inst3|fourbitadder:inst1|inst22          ; |DoubleDigitBCDAdderSubtractort|SingleDigitBCDAdder:inst3|fourbitadder:inst1|inst22          ; out0             ;
; |DoubleDigitBCDAdderSubtractort|SingleDigitBCDAdder:inst3|fourbitadder:inst1|inst19          ; |DoubleDigitBCDAdderSubtractort|SingleDigitBCDAdder:inst3|fourbitadder:inst1|inst19          ; out0             ;
; |DoubleDigitBCDAdderSubtractort|SingleDigitBCDAdder:inst3|fourbitadder:inst1|Sum:inst7|inst1 ; |DoubleDigitBCDAdderSubtractort|SingleDigitBCDAdder:inst3|fourbitadder:inst1|Sum:inst7|inst1 ; out0             ;
; |DoubleDigitBCDAdderSubtractort|SingleDigitBCDAdder:inst3|fourbitadder:inst1|Sum:inst6|inst1 ; |DoubleDigitBCDAdderSubtractort|SingleDigitBCDAdder:inst3|fourbitadder:inst1|Sum:inst6|inst1 ; out0             ;
; |DoubleDigitBCDAdderSubtractort|SingleDigitBCDAdder:inst3|fourbitadder:inst1|Sum:inst6|inst  ; |DoubleDigitBCDAdderSubtractort|SingleDigitBCDAdder:inst3|fourbitadder:inst1|Sum:inst6|inst  ; out0             ;
; |DoubleDigitBCDAdderSubtractort|SingleDigitBCDAdder:inst3|fourbitadder:inst1|Sum:inst5|inst  ; |DoubleDigitBCDAdderSubtractort|SingleDigitBCDAdder:inst3|fourbitadder:inst1|Sum:inst5|inst  ; out0             ;
; |DoubleDigitBCDAdderSubtractort|SingleDigitBCDAdder:inst3|fourbitadder:inst|inst28           ; |DoubleDigitBCDAdderSubtractort|SingleDigitBCDAdder:inst3|fourbitadder:inst|inst28           ; out0             ;
; |DoubleDigitBCDAdderSubtractort|SingleDigitBCDAdder:inst3|fourbitadder:inst|inst29           ; |DoubleDigitBCDAdderSubtractort|SingleDigitBCDAdder:inst3|fourbitadder:inst|inst29           ; out0             ;
; |DoubleDigitBCDAdderSubtractort|SingleDigitBCDAdder:inst3|fourbitadder:inst|inst9            ; |DoubleDigitBCDAdderSubtractort|SingleDigitBCDAdder:inst3|fourbitadder:inst|inst9            ; out0             ;
; |DoubleDigitBCDAdderSubtractort|SingleDigitBCDAdder:inst3|fourbitadder:inst|inst13           ; |DoubleDigitBCDAdderSubtractort|SingleDigitBCDAdder:inst3|fourbitadder:inst|inst13           ; out0             ;
; |DoubleDigitBCDAdderSubtractort|SingleDigitBCDAdder:inst3|fourbitadder:inst|inst18           ; |DoubleDigitBCDAdderSubtractort|SingleDigitBCDAdder:inst3|fourbitadder:inst|inst18           ; out0             ;
; |DoubleDigitBCDAdderSubtractort|SingleDigitBCDAdder:inst3|fourbitadder:inst|inst24           ; |DoubleDigitBCDAdderSubtractort|SingleDigitBCDAdder:inst3|fourbitadder:inst|inst24           ; out0             ;
; |DoubleDigitBCDAdderSubtractort|SingleDigitBCDAdder:inst3|fourbitadder:inst|inst27           ; |DoubleDigitBCDAdderSubtractort|SingleDigitBCDAdder:inst3|fourbitadder:inst|inst27           ; out0             ;
; |DoubleDigitBCDAdderSubtractort|SingleDigitBCDAdder:inst3|fourbitadder:inst|inst8            ; |DoubleDigitBCDAdderSubtractort|SingleDigitBCDAdder:inst3|fourbitadder:inst|inst8            ; out0             ;
; |DoubleDigitBCDAdderSubtractort|SingleDigitBCDAdder:inst3|fourbitadder:inst|inst12           ; |DoubleDigitBCDAdderSubtractort|SingleDigitBCDAdder:inst3|fourbitadder:inst|inst12           ; out0             ;
; |DoubleDigitBCDAdderSubtractort|SingleDigitBCDAdder:inst3|fourbitadder:inst|inst17           ; |DoubleDigitBCDAdderSubtractort|SingleDigitBCDAdder:inst3|fourbitadder:inst|inst17           ; out0             ;
; |DoubleDigitBCDAdderSubtractort|SingleDigitBCDAdder:inst3|fourbitadder:inst|inst23           ; |DoubleDigitBCDAdderSubtractort|SingleDigitBCDAdder:inst3|fourbitadder:inst|inst23           ; out0             ;
; |DoubleDigitBCDAdderSubtractort|SingleDigitBCDAdder:inst3|fourbitadder:inst|inst11           ; |DoubleDigitBCDAdderSubtractort|SingleDigitBCDAdder:inst3|fourbitadder:inst|inst11           ; out0             ;
; |DoubleDigitBCDAdderSubtractort|SingleDigitBCDAdder:inst3|fourbitadder:inst|inst10           ; |DoubleDigitBCDAdderSubtractort|SingleDigitBCDAdder:inst3|fourbitadder:inst|inst10           ; out0             ;
; |DoubleDigitBCDAdderSubtractort|SingleDigitBCDAdder:inst3|fourbitadder:inst|inst16           ; |DoubleDigitBCDAdderSubtractort|SingleDigitBCDAdder:inst3|fourbitadder:inst|inst16           ; out0             ;
; |DoubleDigitBCDAdderSubtractort|SingleDigitBCDAdder:inst3|fourbitadder:inst|inst14           ; |DoubleDigitBCDAdderSubtractort|SingleDigitBCDAdder:inst3|fourbitadder:inst|inst14           ; out0             ;
; |DoubleDigitBCDAdderSubtractort|SingleDigitBCDAdder:inst3|fourbitadder:inst|inst15           ; |DoubleDigitBCDAdderSubtractort|SingleDigitBCDAdder:inst3|fourbitadder:inst|inst15           ; out0             ;
; |DoubleDigitBCDAdderSubtractort|SingleDigitBCDAdder:inst3|fourbitadder:inst|inst22           ; |DoubleDigitBCDAdderSubtractort|SingleDigitBCDAdder:inst3|fourbitadder:inst|inst22           ; out0             ;
; |DoubleDigitBCDAdderSubtractort|SingleDigitBCDAdder:inst3|fourbitadder:inst|inst21           ; |DoubleDigitBCDAdderSubtractort|SingleDigitBCDAdder:inst3|fourbitadder:inst|inst21           ; out0             ;
; |DoubleDigitBCDAdderSubtractort|SingleDigitBCDAdder:inst3|fourbitadder:inst|inst19           ; |DoubleDigitBCDAdderSubtractort|SingleDigitBCDAdder:inst3|fourbitadder:inst|inst19           ; out0             ;
; |DoubleDigitBCDAdderSubtractort|SingleDigitBCDAdder:inst3|fourbitadder:inst|inst20           ; |DoubleDigitBCDAdderSubtractort|SingleDigitBCDAdder:inst3|fourbitadder:inst|inst20           ; out0             ;
; |DoubleDigitBCDAdderSubtractort|SingleDigitBCDAdder:inst3|fourbitadder:inst|Sum:inst7|inst1  ; |DoubleDigitBCDAdderSubtractort|SingleDigitBCDAdder:inst3|fourbitadder:inst|Sum:inst7|inst1  ; out0             ;
; |DoubleDigitBCDAdderSubtractort|SingleDigitBCDAdder:inst3|fourbitadder:inst|Sum:inst7|inst   ; |DoubleDigitBCDAdderSubtractort|SingleDigitBCDAdder:inst3|fourbitadder:inst|Sum:inst7|inst   ; out0             ;
; |DoubleDigitBCDAdderSubtractort|SingleDigitBCDAdder:inst3|fourbitadder:inst|Sum:inst6|inst1  ; |DoubleDigitBCDAdderSubtractort|SingleDigitBCDAdder:inst3|fourbitadder:inst|Sum:inst6|inst1  ; out0             ;
; |DoubleDigitBCDAdderSubtractort|SingleDigitBCDAdder:inst3|fourbitadder:inst|Sum:inst6|inst   ; |DoubleDigitBCDAdderSubtractort|SingleDigitBCDAdder:inst3|fourbitadder:inst|Sum:inst6|inst   ; out0             ;
; |DoubleDigitBCDAdderSubtractort|SingleDigitBCDAdder:inst3|fourbitadder:inst|Sum:inst5|inst1  ; |DoubleDigitBCDAdderSubtractort|SingleDigitBCDAdder:inst3|fourbitadder:inst|Sum:inst5|inst1  ; out0             ;
; |DoubleDigitBCDAdderSubtractort|SingleDigitBCDAdder:inst3|fourbitadder:inst|Sum:inst5|inst   ; |DoubleDigitBCDAdderSubtractort|SingleDigitBCDAdder:inst3|fourbitadder:inst|Sum:inst5|inst   ; out0             ;
; |DoubleDigitBCDAdderSubtractort|SingleDigitBCDAdder:inst3|fourbitadder:inst|Sum:inst|inst1   ; |DoubleDigitBCDAdderSubtractort|SingleDigitBCDAdder:inst3|fourbitadder:inst|Sum:inst|inst1   ; out0             ;
; |DoubleDigitBCDAdderSubtractort|SingleDigitBCDAdder:inst3|fourbitadder:inst|Sum:inst|inst    ; |DoubleDigitBCDAdderSubtractort|SingleDigitBCDAdder:inst3|fourbitadder:inst|Sum:inst|inst    ; out0             ;
; |DoubleDigitBCDAdderSubtractort|NineComplement:inst2|Equal0~0                                ; |DoubleDigitBCDAdderSubtractort|NineComplement:inst2|Equal0~0                                ; out0             ;
; |DoubleDigitBCDAdderSubtractort|NineComplement:inst2|Equal2~0                                ; |DoubleDigitBCDAdderSubtractort|NineComplement:inst2|Equal2~0                                ; out0             ;
; |DoubleDigitBCDAdderSubtractort|NineComplement:inst2|Equal5~0                                ; |DoubleDigitBCDAdderSubtractort|NineComplement:inst2|Equal5~0                                ; out0             ;
; |DoubleDigitBCDAdderSubtractort|NineComplement:inst2|Equal7~0                                ; |DoubleDigitBCDAdderSubtractort|NineComplement:inst2|Equal7~0                                ; out0             ;
; |DoubleDigitBCDAdderSubtractort|NineComplement:inst4|Equal0~0                                ; |DoubleDigitBCDAdderSubtractort|NineComplement:inst4|Equal0~0                                ; out0             ;
; |DoubleDigitBCDAdderSubtractort|NineComplement:inst4|Equal1~0                                ; |DoubleDigitBCDAdderSubtractort|NineComplement:inst4|Equal1~0                                ; out0             ;
; |DoubleDigitBCDAdderSubtractort|NineComplement:inst4|Equal4~0                                ; |DoubleDigitBCDAdderSubtractort|NineComplement:inst4|Equal4~0                                ; out0             ;
; |DoubleDigitBCDAdderSubtractort|NineComplement:inst4|Equal6~0                                ; |DoubleDigitBCDAdderSubtractort|NineComplement:inst4|Equal6~0                                ; out0             ;
; |DoubleDigitBCDAdderSubtractort|NineComplement:inst4|Equal8~0                                ; |DoubleDigitBCDAdderSubtractort|NineComplement:inst4|Equal8~0                                ; out0             ;
+----------------------------------------------------------------------------------------------+----------------------------------------------------------------------------------------------+------------------+


The following table displays output ports that do not toggle to 1 during simulation.
+--------------------------------------------------------------------------------------------------------------------------------------------------------------------------------------------+
; Missing 1-Value Coverage                                                                                                                                                                   ;
+------------------------------------------------------------------------------------+------------------------------------------------------------------------------------+------------------+
; Node Name                                                                          ; Output Port Name                                                                   ; Output Port Type ;
+------------------------------------------------------------------------------------+------------------------------------------------------------------------------------+------------------+
; |DoubleDigitBCDAdderSubtractort|NineComplement:inst2|X~0                           ; |DoubleDigitBCDAdderSubtractort|NineComplement:inst2|X~0                           ; out              ;
; |DoubleDigitBCDAdderSubtractort|NineComplement:inst2|X~2                           ; |DoubleDigitBCDAdderSubtractort|NineComplement:inst2|X~2                           ; out              ;
; |DoubleDigitBCDAdderSubtractort|NineComplement:inst2|X~4                           ; |DoubleDigitBCDAdderSubtractort|NineComplement:inst2|X~4                           ; out              ;
; |DoubleDigitBCDAdderSubtractort|NineComplement:inst2|X~7                           ; |DoubleDigitBCDAdderSubtractort|NineComplement:inst2|X~7                           ; out              ;
; |DoubleDigitBCDAdderSubtractort|NineComplement:inst2|X~10                          ; |DoubleDigitBCDAdderSubtractort|NineComplement:inst2|X~10                          ; out              ;
; |DoubleDigitBCDAdderSubtractort|SingleDigitBCDAdder:inst5|fourbitadder:inst|inst27 ; |DoubleDigitBCDAdderSubtractort|SingleDigitBCDAdder:inst5|fourbitadder:inst|inst27 ; out0             ;
; |DoubleDigitBCDAdderSubtractort|SingleDigitBCDAdder:inst5|fourbitadder:inst|inst26 ; |DoubleDigitBCDAdderSubtractort|SingleDigitBCDAdder:inst5|fourbitadder:inst|inst26 ; out0             ;
; |DoubleDigitBCDAdderSubtractort|SingleDigitBCDAdder:inst5|fourbitadder:inst|inst25 ; |DoubleDigitBCDAdderSubtractort|SingleDigitBCDAdder:inst5|fourbitadder:inst|inst25 ; out0             ;
; |DoubleDigitBCDAdderSubtractort|SingleDigitBCDAdder:inst3|fourbitadder:inst|inst26 ; |DoubleDigitBCDAdderSubtractort|SingleDigitBCDAdder:inst3|fourbitadder:inst|inst26 ; out0             ;
; |DoubleDigitBCDAdderSubtractort|SingleDigitBCDAdder:inst3|fourbitadder:inst|inst25 ; |DoubleDigitBCDAdderSubtractort|SingleDigitBCDAdder:inst3|fourbitadder:inst|inst25 ; out0             ;
; |DoubleDigitBCDAdderSubtractort|NineComplement:inst2|Equal1~0                      ; |DoubleDigitBCDAdderSubtractort|NineComplement:inst2|Equal1~0                      ; out0             ;
; |DoubleDigitBCDAdderSubtractort|NineComplement:inst2|Equal3~0                      ; |DoubleDigitBCDAdderSubtractort|NineComplement:inst2|Equal3~0                      ; out0             ;
; |DoubleDigitBCDAdderSubtractort|NineComplement:inst2|Equal4~0                      ; |DoubleDigitBCDAdderSubtractort|NineComplement:inst2|Equal4~0                      ; out0             ;
; |DoubleDigitBCDAdderSubtractort|NineComplement:inst2|Equal6~0                      ; |DoubleDigitBCDAdderSubtractort|NineComplement:inst2|Equal6~0                      ; out0             ;
; |DoubleDigitBCDAdderSubtractort|NineComplement:inst2|Equal8~0                      ; |DoubleDigitBCDAdderSubtractort|NineComplement:inst2|Equal8~0                      ; out0             ;
; |DoubleDigitBCDAdderSubtractort|NineComplement:inst4|Equal2~0                      ; |DoubleDigitBCDAdderSubtractort|NineComplement:inst4|Equal2~0                      ; out0             ;
; |DoubleDigitBCDAdderSubtractort|NineComplement:inst4|Equal3~0                      ; |DoubleDigitBCDAdderSubtractort|NineComplement:inst4|Equal3~0                      ; out0             ;
; |DoubleDigitBCDAdderSubtractort|NineComplement:inst4|Equal5~0                      ; |DoubleDigitBCDAdderSubtractort|NineComplement:inst4|Equal5~0                      ; out0             ;
; |DoubleDigitBCDAdderSubtractort|NineComplement:inst4|Equal7~0                      ; |DoubleDigitBCDAdderSubtractort|NineComplement:inst4|Equal7~0                      ; out0             ;
+------------------------------------------------------------------------------------+------------------------------------------------------------------------------------+------------------+


The following table displays output ports that do not toggle to 0 during simulation.
+--------------------------------------------------------------------------------------------------------------------------------------------------------------------------------------------+
; Missing 0-Value Coverage                                                                                                                                                                   ;
+------------------------------------------------------------------------------------+------------------------------------------------------------------------------------+------------------+
; Node Name                                                                          ; Output Port Name                                                                   ; Output Port Type ;
+------------------------------------------------------------------------------------+------------------------------------------------------------------------------------+------------------+
; |DoubleDigitBCDAdderSubtractort|NineComplement:inst2|X~0                           ; |DoubleDigitBCDAdderSubtractort|NineComplement:inst2|X~0                           ; out              ;
; |DoubleDigitBCDAdderSubtractort|NineComplement:inst2|X~2                           ; |DoubleDigitBCDAdderSubtractort|NineComplement:inst2|X~2                           ; out              ;
; |DoubleDigitBCDAdderSubtractort|NineComplement:inst2|X~4                           ; |DoubleDigitBCDAdderSubtractort|NineComplement:inst2|X~4                           ; out              ;
; |DoubleDigitBCDAdderSubtractort|NineComplement:inst2|X~7                           ; |DoubleDigitBCDAdderSubtractort|NineComplement:inst2|X~7                           ; out              ;
; |DoubleDigitBCDAdderSubtractort|NineComplement:inst2|X~10                          ; |DoubleDigitBCDAdderSubtractort|NineComplement:inst2|X~10                          ; out              ;
; |DoubleDigitBCDAdderSubtractort|SingleDigitBCDAdder:inst5|fourbitadder:inst|inst27 ; |DoubleDigitBCDAdderSubtractort|SingleDigitBCDAdder:inst5|fourbitadder:inst|inst27 ; out0             ;
; |DoubleDigitBCDAdderSubtractort|SingleDigitBCDAdder:inst5|fourbitadder:inst|inst26 ; |DoubleDigitBCDAdderSubtractort|SingleDigitBCDAdder:inst5|fourbitadder:inst|inst26 ; out0             ;
; |DoubleDigitBCDAdderSubtractort|SingleDigitBCDAdder:inst5|fourbitadder:inst|inst25 ; |DoubleDigitBCDAdderSubtractort|SingleDigitBCDAdder:inst5|fourbitadder:inst|inst25 ; out0             ;
; |DoubleDigitBCDAdderSubtractort|SingleDigitBCDAdder:inst3|fourbitadder:inst|inst26 ; |DoubleDigitBCDAdderSubtractort|SingleDigitBCDAdder:inst3|fourbitadder:inst|inst26 ; out0             ;
; |DoubleDigitBCDAdderSubtractort|SingleDigitBCDAdder:inst3|fourbitadder:inst|inst25 ; |DoubleDigitBCDAdderSubtractort|SingleDigitBCDAdder:inst3|fourbitadder:inst|inst25 ; out0             ;
; |DoubleDigitBCDAdderSubtractort|NineComplement:inst2|Equal1~0                      ; |DoubleDigitBCDAdderSubtractort|NineComplement:inst2|Equal1~0                      ; out0             ;
; |DoubleDigitBCDAdderSubtractort|NineComplement:inst2|Equal3~0                      ; |DoubleDigitBCDAdderSubtractort|NineComplement:inst2|Equal3~0                      ; out0             ;
; |DoubleDigitBCDAdderSubtractort|NineComplement:inst2|Equal4~0                      ; |DoubleDigitBCDAdderSubtractort|NineComplement:inst2|Equal4~0                      ; out0             ;
; |DoubleDigitBCDAdderSubtractort|NineComplement:inst2|Equal6~0                      ; |DoubleDigitBCDAdderSubtractort|NineComplement:inst2|Equal6~0                      ; out0             ;
; |DoubleDigitBCDAdderSubtractort|NineComplement:inst2|Equal8~0                      ; |DoubleDigitBCDAdderSubtractort|NineComplement:inst2|Equal8~0                      ; out0             ;
; |DoubleDigitBCDAdderSubtractort|NineComplement:inst4|Equal2~0                      ; |DoubleDigitBCDAdderSubtractort|NineComplement:inst4|Equal2~0                      ; out0             ;
; |DoubleDigitBCDAdderSubtractort|NineComplement:inst4|Equal3~0                      ; |DoubleDigitBCDAdderSubtractort|NineComplement:inst4|Equal3~0                      ; out0             ;
; |DoubleDigitBCDAdderSubtractort|NineComplement:inst4|Equal5~0                      ; |DoubleDigitBCDAdderSubtractort|NineComplement:inst4|Equal5~0                      ; out0             ;
; |DoubleDigitBCDAdderSubtractort|NineComplement:inst4|Equal7~0                      ; |DoubleDigitBCDAdderSubtractort|NineComplement:inst4|Equal7~0                      ; out0             ;
+------------------------------------------------------------------------------------+------------------------------------------------------------------------------------+------------------+


+---------------------+
; Simulator INI Usage ;
+--------+------------+
; Option ; Usage      ;
+--------+------------+


+--------------------+
; Simulator Messages ;
+--------------------+
Info: *******************************************************************
Info: Running Quartus II 64-Bit Simulator
    Info: Version 13.0.0 Build 156 04/24/2013 SJ Web Edition
    Info: Processing started: Thu Oct 10 00:19:45 2013
Info: Command: quartus_sim --simulation_results_format=VWF ArithmeticUnit -c ArithmeticUnit
Info (324025): Using vector source file "C:/Users/Albert Hynek/Documents/Altera/ArithmeticUnit/DoubleDigitBCDAdderSubtractor.vwf"
Info (310003): Option to preserve fewer signal transitions to reduce memory requirements is enabled
    Info (310004): Simulation has been partitioned into sub-simulations according to the maximum transition count determined by the engine. Transitions from memory will be flushed out to disk at the end of each sub-simulation to reduce memory requirements.
Info (310002): Simulation partitioned into 1 sub-simulations
Info (328053): Simulation coverage is      89.27 %
Info (328052): Number of transitions in simulation is 2467
Info (324045): Vector file ArithmeticUnit.sim.vwf is saved in VWF text format. You can compress it into CVWF format in order to reduce file size. For more details please refer to the Quartus II Help.
Info: Quartus II 64-Bit Simulator was successful. 0 errors, 0 warnings
    Info: Peak virtual memory: 316 megabytes
    Info: Processing ended: Thu Oct 10 00:19:45 2013
    Info: Elapsed time: 00:00:00
    Info: Total CPU time (on all processors): 00:00:00


